Flow report for socet_chiplet_endpoint_0_0_1
Sun Feb 23 17:50:37 2025
Quartus Prime Version 21.1.1 Build 850 06/23/2022 SJ Standard Edition


---------------------
; Table of Contents ;
---------------------
  1. Legal Notice
  2. Flow Summary
  3. Flow Settings
  4. Flow Non-Default Global Settings
  5. Flow Elapsed Time
  6. Flow OS Summary
  7. Flow Log
  8. Flow Messages
  9. Flow Suppressed Messages



----------------
; Legal Notice ;
----------------
Copyright (C) 2022  Intel Corporation. All rights reserved.
Your use of Intel Corporation's design tools, logic functions 
and other software and tools, and any partner logic 
functions, and any output files from any of the foregoing 
(including device programming or simulation files), and any 
associated documentation or information are expressly subject 
to the terms and conditions of the Intel Program License 
Subscription Agreement, the Intel Quartus Prime License Agreement,
the Intel FPGA IP License Agreement, or other applicable license
agreement, including, without limitation, that your use is for
the sole purpose of programming logic devices manufactured by
Intel and sold by Intel or its authorized distributors.  Please
refer to the applicable agreement for further details, at
https://fpgasoftware.intel.com/eula.



+--------------------------------------------------------------------------------------+
; Flow Summary                                                                         ;
+------------------------------------+-------------------------------------------------+
; Flow Status                        ; Flow Failed - Sun Feb 23 17:50:37 2025          ;
; Quartus Prime Version              ; 21.1.1 Build 850 06/23/2022 SJ Standard Edition ;
; Revision Name                      ; socet_chiplet_endpoint_0_0_1                    ;
; Top-level Entity Name              ; endpoint                                        ;
; Family                             ; Cyclone IV E                                    ;
; Device                             ; EP4CE115F29C7                                   ;
; Timing Models                      ; Final                                           ;
; Total logic elements               ; N/A until Partition Merge                       ;
;     Total combinational functions  ; N/A until Partition Merge                       ;
;     Dedicated logic registers      ; N/A until Partition Merge                       ;
; Total registers                    ; N/A until Partition Merge                       ;
; Total pins                         ; N/A until Partition Merge                       ;
; Total virtual pins                 ; N/A until Partition Merge                       ;
; Total memory bits                  ; N/A until Partition Merge                       ;
; Embedded Multiplier 9-bit elements ; N/A until Partition Merge                       ;
; Total PLLs                         ; N/A until Partition Merge                       ;
+------------------------------------+-------------------------------------------------+


+--------------------------------------------------+
; Flow Settings                                    ;
+-------------------+------------------------------+
; Option            ; Setting                      ;
+-------------------+------------------------------+
; Start date & time ; 02/23/2025 17:50:32          ;
; Main task         ; Compilation                  ;
; Revision Name     ; socet_chiplet_endpoint_0_0_1 ;
+-------------------+------------------------------+


+----------------------------------------------------------------------------------------------------------------------------+
; Flow Non-Default Global Settings                                                                                           ;
+-----------------------+------------------------------------------+------------------------------+-------------+------------+
; Assignment Name       ; Value                                    ; Default Value                ; Entity Name ; Section Id ;
+-----------------------+------------------------------------------+------------------------------+-------------+------------+
; COMPILER_SIGNATURE_ID ; 123926599462463.174035103162722          ; --                           ; --          ; --         ;
; SEARCH_PATH           ; src/socet_chiplet_include_0.0.1/source   ; --                           ; --          ; --         ;
; SEARCH_PATH           ; src/socet_chiplet_endpoint_0.0.1/include ; --                           ; --          ; --         ;
; TOP_LEVEL_ENTITY      ; endpoint                                 ; socet_chiplet_endpoint_0_0_1 ; --          ; --         ;
+-----------------------+------------------------------------------+------------------------------+-------------+------------+


+--------------------------------------------------------------------------------------------------------------------------+
; Flow Elapsed Time                                                                                                        ;
+----------------------+--------------+-------------------------+---------------------+------------------------------------+
; Module Name          ; Elapsed Time ; Average Processors Used ; Peak Virtual Memory ; Total CPU Time (on all processors) ;
+----------------------+--------------+-------------------------+---------------------+------------------------------------+
; Analysis & Synthesis ; 00:00:06     ; 1.0                     ; 369 MB              ; 00:00:18                           ;
; Total                ; 00:00:06     ; --                      ; --                  ; 00:00:18                           ;
+----------------------+--------------+-------------------------+---------------------+------------------------------------+


+----------------------------------------------------------------------------------------------+
; Flow OS Summary                                                                              ;
+----------------------+------------------------+--------------+--------------+----------------+
; Module Name          ; Machine Hostname       ; OS Name      ; OS Version   ; Processor type ;
+----------------------+------------------------+--------------+--------------+----------------+
; Analysis & Synthesis ; asicfab.ecn.purdue.edu ; CentOS Linux ; CentOS Linux ; x86_64         ;
+----------------------+------------------------+--------------+--------------+----------------+


------------
; Flow Log ;
------------
quartus_map socet_chiplet_endpoint_0_0_1



